<?xml version="1.0" encoding="UTF-8"?>
<testng-results skipped="0" failed="0" ignored="0" total="1" passed="1">
  <reporter-output>
  </reporter-output>
  <suite name="Default suite" duration-ms="39168" started-at="2018-07-04T11:00:33Z" finished-at="2018-07-04T11:01:12Z">
    <groups>
    </groups>
    <test name="Default test" duration-ms="39168" started-at="2018-07-04T11:00:33Z" finished-at="2018-07-04T11:01:12Z">
      <class name="Testclasses.atvsample">
        <test-method status="PASS" signature="login()[pri:0, instance:Testclasses.atvsample@33c7e1bb]" name="login" duration-ms="39142" started-at="2018-07-04T11:00:33Z" finished-at="2018-07-04T11:01:12Z">
          <reporter-output>
          </reporter-output>
        </test-method> <!-- login -->
      </class> <!-- Testclasses.atvsample -->
    </test> <!-- Default test -->
  </suite> <!-- Default suite -->
</testng-results>
