<?xml version="1.0" encoding="UTF-8"?>
<testng-results skipped="0" failed="0" ignored="0" total="1" passed="1">
  <reporter-output>
  </reporter-output>
  <suite name="Default suite" duration-ms="44159" started-at="2018-07-03T06:45:11Z" finished-at="2018-07-03T06:45:55Z">
    <groups>
    </groups>
    <test name="Default test" duration-ms="44159" started-at="2018-07-03T06:45:11Z" finished-at="2018-07-03T06:45:55Z">
      <class name="Util.TestNG">
        <test-method status="PASS" signature="login()[pri:0, instance:Util.TestNG@76f2b07d]" name="login" duration-ms="44126" started-at="2018-07-03T06:45:11Z" finished-at="2018-07-03T06:45:55Z">
          <reporter-output>
          </reporter-output>
        </test-method> <!-- login -->
      </class> <!-- Util.TestNG -->
    </test> <!-- Default test -->
  </suite> <!-- Default suite -->
</testng-results>
